<?xml version="1.0" encoding="UTF-8"?>
<coverage generated="1775490783026" clover="3.2.0">
  <project timestamp="1775490783027" name="All files">
    <metrics statements="153" coveredstatements="96" conditionals="82" coveredconditionals="46" methods="50" coveredmethods="31" elements="285" coveredelements="173" complexity="0" loc="153" ncloc="153" packages="1" files="1" classes="1"/>
    <file name="App.jsx" path="F:\OpenCodeProjects\Proj1\word-wizard-game\App.jsx">
      <metrics statements="153" coveredstatements="96" conditionals="82" coveredconditionals="46" methods="50" coveredmethods="31"/>
      <line num="4" count="4" type="stmt"/>
      <line num="6" count="4" type="stmt"/>
      <line num="24" count="4" type="stmt"/>
      <line num="582" count="4" type="stmt"/>
      <line num="583" count="237" type="stmt"/>
      <line num="584" count="237" type="stmt"/>
      <line num="585" count="2108" type="stmt"/>
      <line num="586" count="2108" type="stmt"/>
      <line num="588" count="237" type="stmt"/>
      <line num="592" count="442" type="stmt"/>
      <line num="609" count="442" type="stmt"/>
      <line num="610" count="442" type="stmt"/>
      <line num="611" count="442" type="stmt"/>
      <line num="612" count="442" type="stmt"/>
      <line num="613" count="442" type="stmt"/>
      <line num="614" count="442" type="stmt"/>
      <line num="615" count="442" type="stmt"/>
      <line num="616" count="442" type="stmt"/>
      <line num="617" count="442" type="stmt"/>
      <line num="618" count="442" type="stmt"/>
      <line num="619" count="442" type="stmt"/>
      <line num="621" count="442" type="stmt"/>
      <line num="622" count="442" type="stmt"/>
      <line num="624" count="442" type="stmt"/>
      <line num="625" count="202" type="cond" truecount="2" falsecount="0"/>
      <line num="626" count="93" type="stmt"/>
      <line num="630" count="442" type="stmt"/>
      <line num="631" count="93" type="stmt"/>
      <line num="632" count="93" type="stmt"/>
      <line num="633" count="93" type="stmt"/>
      <line num="642" count="93" type="stmt"/>
      <line num="643" count="93" type="stmt"/>
      <line num="644" count="93" type="stmt"/>
      <line num="647" count="442" type="stmt"/>
      <line num="648" count="442" type="cond" truecount="4" falsecount="0"/>
      <line num="649" count="138" type="stmt"/>
      <line num="651" count="304" type="stmt"/>
      <line num="654" count="442" type="stmt"/>
      <line num="655" count="448" type="cond" truecount="2" falsecount="0"/>
      <line num="656" count="144" type="stmt"/>
      <line num="657" count="144" type="stmt"/>
      <line num="658" count="3744" type="stmt"/>
      <line num="660" count="144" type="stmt"/>
      <line num="663" count="442" type="stmt"/>
      <line num="664" count="0" type="cond" truecount="0" falsecount="2"/>
      <line num="666" count="0" type="cond" truecount="0" falsecount="2"/>
      <line num="667" count="0" type="stmt"/>
      <line num="668" count="0" type="cond" truecount="0" falsecount="2"/>
      <line num="669" count="0" type="stmt"/>
      <line num="670" count="0" type="stmt"/>
      <line num="671" count="0" type="stmt"/>
      <line num="672" count="0" type="stmt"/>
      <line num="674" count="0" type="stmt"/>
      <line num="675" count="0" type="stmt"/>
      <line num="676" count="0" type="stmt"/>
      <line num="678" count="0" type="stmt"/>
      <line num="679" count="0" type="stmt"/>
      <line num="680" count="0" type="stmt"/>
      <line num="681" count="0" type="stmt"/>
      <line num="686" count="442" type="stmt"/>
      <line num="687" count="9" type="cond" truecount="1" falsecount="1"/>
      <line num="689" count="9" type="cond" truecount="1" falsecount="1"/>
      <line num="690" count="0" type="stmt"/>
      <line num="692" count="9" type="stmt"/>
      <line num="696" count="442" type="stmt"/>
      <line num="697" count="0" type="stmt"/>
      <line num="698" count="0" type="cond" truecount="0" falsecount="2"/>
      <line num="699" count="0" type="stmt"/>
      <line num="703" count="442" type="stmt"/>
      <line num="704" count="0" type="stmt"/>
      <line num="705" count="0" type="cond" truecount="0" falsecount="2"/>
      <line num="706" count="0" type="cond" truecount="0" falsecount="2"/>
      <line num="707" count="0" type="stmt"/>
      <line num="709" count="0" type="stmt"/>
      <line num="718" count="0" type="stmt"/>
      <line num="719" count="0" type="stmt"/>
      <line num="721" count="0" type="stmt"/>
      <line num="726" count="0" type="stmt"/>
      <line num="727" count="0" type="stmt"/>
      <line num="728" count="0" type="cond" truecount="0" falsecount="2"/>
      <line num="729" count="0" type="stmt"/>
      <line num="731" count="0" type="stmt"/>
      <line num="736" count="442" type="stmt"/>
      <line num="737" count="20" type="stmt"/>
      <line num="738" count="20" type="stmt"/>
      <line num="745" count="20" type="stmt"/>
      <line num="746" count="20" type="stmt"/>
      <line num="747" count="20" type="stmt"/>
      <line num="750" count="442" type="stmt"/>
      <line num="751" count="0" type="stmt"/>
      <line num="752" count="0" type="stmt"/>
      <line num="753" count="0" type="cond" truecount="0" falsecount="2"/>
      <line num="754" count="0" type="cond" truecount="0" falsecount="2"/>
      <line num="755" count="0" type="stmt"/>
      <line num="757" count="0" type="cond" truecount="0" falsecount="2"/>
      <line num="758" count="0" type="stmt"/>
      <line num="760" count="0" type="stmt"/>
      <line num="764" count="442" type="stmt"/>
      <line num="765" count="0" type="stmt"/>
      <line num="766" count="0" type="stmt"/>
      <line num="767" count="0" type="cond" truecount="0" falsecount="2"/>
      <line num="768" count="0" type="stmt"/>
      <line num="770" count="0" type="stmt"/>
      <line num="771" count="0" type="stmt"/>
      <line num="775" count="442" type="stmt"/>
      <line num="776" count="6" type="cond" truecount="1" falsecount="1"/>
      <line num="778" count="6" type="stmt"/>
      <line num="779" count="6" type="cond" truecount="1" falsecount="1"/>
      <line num="781" count="6" type="stmt"/>
      <line num="782" count="6" type="stmt"/>
      <line num="784" count="6" type="stmt"/>
      <line num="785" count="43" type="cond" truecount="4" falsecount="0"/>
      <line num="786" count="24" type="stmt"/>
      <line num="790" count="6" type="stmt"/>
      <line num="793" count="442" type="stmt"/>
      <line num="794" count="20" type="stmt"/>
      <line num="795" count="20" type="stmt"/>
      <line num="796" count="20" type="stmt"/>
      <line num="799" count="442" type="stmt"/>
      <line num="800" count="5" type="stmt"/>
      <line num="801" count="5" type="stmt"/>
      <line num="802" count="5" type="stmt"/>
      <line num="803" count="5" type="stmt"/>
      <line num="806" count="442" type="stmt"/>
      <line num="807" count="0" type="stmt"/>
      <line num="808" count="0" type="stmt"/>
      <line num="809" count="0" type="stmt"/>
      <line num="810" count="0" type="stmt"/>
      <line num="817" count="0" type="stmt"/>
      <line num="818" count="0" type="stmt"/>
      <line num="821" count="442" type="stmt"/>
      <line num="822" count="101" type="stmt"/>
      <line num="823" count="101" type="stmt"/>
      <line num="826" count="442" type="stmt"/>
      <line num="827" count="93" type="stmt"/>
      <line num="828" count="93" type="stmt"/>
      <line num="842" count="442" type="stmt"/>
      <line num="843" count="0" type="stmt"/>
      <line num="844" count="0" type="stmt"/>
      <line num="847" count="442" type="cond" truecount="2" falsecount="0"/>
      <line num="851" count="442" type="stmt"/>
      <line num="856" count="442" type="stmt"/>
      <line num="898" count="138" type="cond" truecount="2" falsecount="0"/>
      <line num="903" count="493" type="stmt"/>
      <line num="911" count="0" type="stmt"/>
      <line num="929" count="907" type="stmt"/>
      <line num="936" count="9" type="stmt"/>
      <line num="958" count="0" type="stmt"/>
      <line num="999" count="1530" type="stmt"/>
      <line num="1002" count="93" type="stmt"/>
      <line num="1031" count="0" type="cond" truecount="0" falsecount="2"/>
      <line num="1072" count="2" type="stmt"/>
      <line num="1080" count="4" type="stmt"/>
    </file>
  </project>
</coverage>
