{"F:\\OpenCodeProjects\\Proj1\\word-wizard-game\\App.jsx": {"path":"F:\\OpenCodeProjects\\Proj1\\word-wizard-game\\App.jsx","statementMap":{"0":{"start":{"line":4,"column":18},"end":{"line":4,"column":42}},"1":{"start":{"line":6,"column":19},"end":{"line":22,"column":1}},"2":{"start":{"line":24,"column":21},"end":{"line":580,"column":1}},"3":{"start":{"line":582,"column":21},"end":{"line":589,"column":1}},"4":{"start":{"line":583,"column":19},"end":{"line":583,"column":29}},"5":{"start":{"line":584,"column":2},"end":{"line":587,"column":3}},"6":{"start":{"line":584,"column":15},"end":{"line":584,"column":34}},"7":{"start":{"line":585,"column":14},"end":{"line":585,"column":49}},"8":{"start":{"line":586,"column":4},"end":{"line":586,"column":60}},"9":{"start":{"line":588,"column":2},"end":{"line":588,"column":18}},"10":{"start":{"line":592,"column":36},"end":{"line":607,"column":4}},"11":{"start":{"line":609,"column":40},"end":{"line":609,"column":52}},"12":{"start":{"line":610,"column":36},"end":{"line":610,"column":48}},"13":{"start":{"line":611,"column":42},"end":{"line":611,"column":56}},"14":{"start":{"line":612,"column":34},"end":{"line":612,"column":66}},"15":{"start":{"line":613,"column":46},"end":{"line":613,"column":60}},"16":{"start":{"line":614,"column":52},"end":{"line":614,"column":67}},"17":{"start":{"line":615,"column":46},"end":{"line":615,"column":61}},"18":{"start":{"line":616,"column":50},"end":{"line":616,"column":65}},"19":{"start":{"line":617,"column":28},"end":{"line":617,"column":39}},"20":{"start":{"line":618,"column":34},"end":{"line":618,"column":46}},"21":{"start":{"line":619,"column":36},"end":{"line":619,"column":50}},"22":{"start":{"line":621,"column":21},"end":{"line":621,"column":58}},"23":{"start":{"line":622,"column":22},"end":{"line":622,"column":32}},"24":{"start":{"line":624,"column":2},"end":{"line":628,"column":30}},"25":{"start":{"line":625,"column":4},"end":{"line":627,"column":5}},"26":{"start":{"line":626,"column":6},"end":{"line":626,"column":21}},"27":{"start":{"line":630,"column":23},"end":{"line":645,"column":3}},"28":{"start":{"line":631,"column":21},"end":{"line":631,"column":84}},"29":{"start":{"line":632,"column":21},"end":{"line":632,"column":48}},"30":{"start":{"line":633,"column":4},"end":{"line":641,"column":8}},"31":{"start":{"line":633,"column":26},"end":{"line":641,"column":5}},"32":{"start":{"line":642,"column":4},"end":{"line":642,"column":62}},"33":{"start":{"line":643,"column":4},"end":{"line":643,"column":21}},"34":{"start":{"line":644,"column":4},"end":{"line":644,"column":40}},"35":{"start":{"line":647,"column":25},"end":{"line":652,"column":3}},"36":{"start":{"line":648,"column":4},"end":{"line":650,"column":5}},"37":{"start":{"line":649,"column":6},"end":{"line":649,"column":70}},"38":{"start":{"line":651,"column":4},"end":{"line":651,"column":15}},"39":{"start":{"line":654,"column":21},"end":{"line":661,"column":3}},"40":{"start":{"line":655,"column":4},"end":{"line":655,"column":42}},"41":{"start":{"line":655,"column":32},"end":{"line":655,"column":42}},"42":{"start":{"line":656,"column":24},"end":{"line":656,"column":55}},"43":{"start":{"line":657,"column":25},"end":{"line":659,"column":18}},"44":{"start":{"line":658,"column":19},"end":{"line":658,"column":43}},"45":{"start":{"line":660,"column":4},"end":{"line":660,"column":59}},"46":{"start":{"line":663,"column":26},"end":{"line":684,"column":3}},"47":{"start":{"line":664,"column":4},"end":{"line":664,"column":35}},"48":{"start":{"line":664,"column":28},"end":{"line":664,"column":35}},"49":{"start":{"line":666,"column":4},"end":{"line":683,"column":5}},"50":{"start":{"line":667,"column":28},"end":{"line":667,"column":56}},"51":{"start":{"line":668,"column":6},"end":{"line":682,"column":7}},"52":{"start":{"line":669,"column":8},"end":{"line":673,"column":11}},"53":{"start":{"line":670,"column":27},"end":{"line":670,"column":36}},"54":{"start":{"line":671,"column":10},"end":{"line":671,"column":41}},"55":{"start":{"line":672,"column":10},"end":{"line":672,"column":26}},"56":{"start":{"line":674,"column":8},"end":{"line":674,"column":54}},"57":{"start":{"line":674,"column":29},"end":{"line":674,"column":52}},"58":{"start":{"line":675,"column":8},"end":{"line":675,"column":30}},"59":{"start":{"line":676,"column":8},"end":{"line":676,"column":20}},"60":{"start":{"line":678,"column":8},"end":{"line":678,"column":28}},"61":{"start":{"line":679,"column":8},"end":{"line":679,"column":50}},"62":{"start":{"line":679,"column":25},"end":{"line":679,"column":43}},"63":{"start":{"line":680,"column":8},"end":{"line":680,"column":84}},"64":{"start":{"line":680,"column":30},"end":{"line":680,"column":81}},"65":{"start":{"line":681,"column":8},"end":{"line":681,"column":59}},"66":{"start":{"line":686,"column":26},"end":{"line":694,"column":3}},"67":{"start":{"line":687,"column":4},"end":{"line":687,"column":43}},"68":{"start":{"line":687,"column":36},"end":{"line":687,"column":43}},"69":{"start":{"line":689,"column":4},"end":{"line":693,"column":5}},"70":{"start":{"line":690,"column":6},"end":{"line":690,"column":28}},"71":{"start":{"line":692,"column":6},"end":{"line":692,"column":30}},"72":{"start":{"line":696,"column":20},"end":{"line":701,"column":3}},"73":{"start":{"line":697,"column":26},"end":{"line":697,"column":61}},"74":{"start":{"line":697,"column":50},"end":{"line":697,"column":60}},"75":{"start":{"line":698,"column":4},"end":{"line":700,"column":5}},"76":{"start":{"line":699,"column":6},"end":{"line":699,"column":26}},"77":{"start":{"line":703,"column":28},"end":{"line":734,"column":3}},"78":{"start":{"line":704,"column":17},"end":{"line":704,"column":20}},"79":{"start":{"line":705,"column":4},"end":{"line":705,"column":48}},"80":{"start":{"line":705,"column":35},"end":{"line":705,"column":48}},"81":{"start":{"line":706,"column":4},"end":{"line":706,"column":48}},"82":{"start":{"line":706,"column":34},"end":{"line":706,"column":48}},"83":{"start":{"line":707,"column":4},"end":{"line":707,"column":36}},"84":{"start":{"line":709,"column":4},"end":{"line":716,"column":8}},"85":{"start":{"line":709,"column":26},"end":{"line":716,"column":5}},"86":{"start":{"line":718,"column":4},"end":{"line":718,"column":65}},"87":{"start":{"line":719,"column":4},"end":{"line":719,"column":22}},"88":{"start":{"line":721,"column":4},"end":{"line":724,"column":15}},"89":{"start":{"line":726,"column":4},"end":{"line":733,"column":13}},"90":{"start":{"line":727,"column":24},"end":{"line":727,"column":54}},"91":{"start":{"line":728,"column":6},"end":{"line":732,"column":7}},"92":{"start":{"line":729,"column":8},"end":{"line":729,"column":28}},"93":{"start":{"line":731,"column":8},"end":{"line":731,"column":32}},"94":{"start":{"line":736,"column":23},"end":{"line":748,"column":3}},"95":{"start":{"line":737,"column":17},"end":{"line":737,"column":52}},"96":{"start":{"line":738,"column":4},"end":{"line":744,"column":8}},"97":{"start":{"line":738,"column":26},"end":{"line":744,"column":5}},"98":{"start":{"line":745,"column":4},"end":{"line":745,"column":50}},"99":{"start":{"line":746,"column":4},"end":{"line":746,"column":21}},"100":{"start":{"line":747,"column":4},"end":{"line":747,"column":40}},"101":{"start":{"line":750,"column":28},"end":{"line":762,"column":3}},"102":{"start":{"line":751,"column":26},"end":{"line":751,"column":44}},"103":{"start":{"line":752,"column":22},"end":{"line":752,"column":23}},"104":{"start":{"line":753,"column":4},"end":{"line":754,"column":49}},"105":{"start":{"line":753,"column":29},"end":{"line":753,"column":45}},"106":{"start":{"line":754,"column":9},"end":{"line":754,"column":49}},"107":{"start":{"line":754,"column":33},"end":{"line":754,"column":49}},"108":{"start":{"line":755,"column":4},"end":{"line":755,"column":26}},"109":{"start":{"line":757,"column":4},"end":{"line":761,"column":5}},"110":{"start":{"line":758,"column":6},"end":{"line":758,"column":32}},"111":{"start":{"line":760,"column":6},"end":{"line":760,"column":30}},"112":{"start":{"line":764,"column":26},"end":{"line":773,"column":3}},"113":{"start":{"line":765,"column":4},"end":{"line":765,"column":29}},"114":{"start":{"line":766,"column":22},"end":{"line":766,"column":48}},"115":{"start":{"line":767,"column":4},"end":{"line":772,"column":5}},"116":{"start":{"line":768,"column":6},"end":{"line":768,"column":32}},"117":{"start":{"line":770,"column":6},"end":{"line":770,"column":67}},"118":{"start":{"line":770,"column":28},"end":{"line":770,"column":64}},"119":{"start":{"line":771,"column":6},"end":{"line":771,"column":21}},"120":{"start":{"line":775,"column":21},"end":{"line":791,"column":3}},"121":{"start":{"line":776,"column":4},"end":{"line":776,"column":41}},"122":{"start":{"line":776,"column":34},"end":{"line":776,"column":41}},"123":{"start":{"line":778,"column":23},"end":{"line":778,"column":74}},"124":{"start":{"line":778,"column":60},"end":{"line":778,"column":73}},"125":{"start":{"line":779,"column":4},"end":{"line":779,"column":34}},"126":{"start":{"line":779,"column":27},"end":{"line":779,"column":34}},"127":{"start":{"line":781,"column":26},"end":{"line":781,"column":59}},"128":{"start":{"line":782,"column":23},"end":{"line":782,"column":35}},"129":{"start":{"line":784,"column":4},"end":{"line":788,"column":7}},"130":{"start":{"line":785,"column":6},"end":{"line":787,"column":7}},"131":{"start":{"line":786,"column":8},"end":{"line":786,"column":48}},"132":{"start":{"line":786,"column":29},"end":{"line":786,"column":46}},"133":{"start":{"line":790,"column":4},"end":{"line":790,"column":71}},"134":{"start":{"line":790,"column":26},"end":{"line":790,"column":68}},"135":{"start":{"line":793,"column":21},"end":{"line":797,"column":3}},"136":{"start":{"line":794,"column":22},"end":{"line":794,"column":87}},"137":{"start":{"line":795,"column":4},"end":{"line":795,"column":51}},"138":{"start":{"line":795,"column":26},"end":{"line":795,"column":48}},"139":{"start":{"line":796,"column":4},"end":{"line":796,"column":28}},"140":{"start":{"line":799,"column":22},"end":{"line":804,"column":3}},"141":{"start":{"line":800,"column":4},"end":{"line":800,"column":67}},"142":{"start":{"line":801,"column":4},"end":{"line":801,"column":21}},"143":{"start":{"line":802,"column":4},"end":{"line":802,"column":83}},"144":{"start":{"line":802,"column":26},"end":{"line":802,"column":80}},"145":{"start":{"line":803,"column":4},"end":{"line":803,"column":40}},"146":{"start":{"line":806,"column":26},"end":{"line":819,"column":3}},"147":{"start":{"line":807,"column":19},"end":{"line":807,"column":85}},"148":{"start":{"line":808,"column":19},"end":{"line":808,"column":21}},"149":{"start":{"line":809,"column":4},"end":{"line":816,"column":5}},"150":{"start":{"line":809,"column":17},"end":{"line":809,"column":18}},"151":{"start":{"line":810,"column":6},"end":{"line":815,"column":9}},"152":{"start":{"line":817,"column":4},"end":{"line":817,"column":24}},"153":{"start":{"line":818,"column":4},"end":{"line":818,"column":44}},"154":{"start":{"line":818,"column":21},"end":{"line":818,"column":36}},"155":{"start":{"line":821,"column":20},"end":{"line":824,"column":3}},"156":{"start":{"line":822,"column":4},"end":{"line":822,"column":29}},"157":{"start":{"line":823,"column":4},"end":{"line":823,"column":31}},"158":{"start":{"line":826,"column":25},"end":{"line":840,"column":3}},"159":{"start":{"line":827,"column":4},"end":{"line":827,"column":32}},"160":{"start":{"line":828,"column":4},"end":{"line":839,"column":8}},"161":{"start":{"line":828,"column":26},"end":{"line":839,"column":5}},"162":{"start":{"line":842,"column":20},"end":{"line":845,"column":3}},"163":{"start":{"line":843,"column":4},"end":{"line":843,"column":31}},"164":{"start":{"line":844,"column":4},"end":{"line":844,"column":31}},"165":{"start":{"line":847,"column":19},"end":{"line":849,"column":7}},"166":{"start":{"line":851,"column":16},"end":{"line":854,"column":4}},"167":{"start":{"line":856,"column":2},"end":{"line":1077,"column":4}},"168":{"start":{"line":898,"column":36},"end":{"line":898,"column":46}},"169":{"start":{"line":903,"column":14},"end":{"line":914,"column":33}},"170":{"start":{"line":911,"column":31},"end":{"line":911,"column":53}},"171":{"start":{"line":929,"column":12},"end":{"line":940,"column":31}},"172":{"start":{"line":936,"column":29},"end":{"line":936,"column":52}},"173":{"start":{"line":958,"column":8},"end":{"line":968,"column":10}},"174":{"start":{"line":999,"column":18},"end":{"line":1006,"column":37}},"175":{"start":{"line":1002,"column":35},"end":{"line":1002,"column":54}},"176":{"start":{"line":1031,"column":16},"end":{"line":1033,"column":23}},"177":{"start":{"line":1072,"column":23},"end":{"line":1072,"column":92}},"178":{"start":{"line":1072,"column":45},"end":{"line":1072,"column":90}},"179":{"start":{"line":1080,"column":15},"end":{"line":1467,"column":2}}},"fnMap":{"0":{"name":"(anonymous_0)","decl":{"start":{"line":582,"column":21},"end":{"line":582,"column":22}},"loc":{"start":{"line":582,"column":32},"end":{"line":589,"column":1}},"line":582},"1":{"name":"App","decl":{"start":{"line":591,"column":24},"end":{"line":591,"column":27}},"loc":{"start":{"line":591,"column":30},"end":{"line":1078,"column":1}},"line":591},"2":{"name":"(anonymous_2)","decl":{"start":{"line":624,"column":12},"end":{"line":624,"column":13}},"loc":{"start":{"line":624,"column":18},"end":{"line":628,"column":3}},"line":624},"3":{"name":"(anonymous_3)","decl":{"start":{"line":630,"column":23},"end":{"line":630,"column":24}},"loc":{"start":{"line":630,"column":29},"end":{"line":645,"column":3}},"line":630},"4":{"name":"(anonymous_4)","decl":{"start":{"line":633,"column":17},"end":{"line":633,"column":18}},"loc":{"start":{"line":633,"column":26},"end":{"line":641,"column":5}},"line":633},"5":{"name":"(anonymous_5)","decl":{"start":{"line":647,"column":25},"end":{"line":647,"column":26}},"loc":{"start":{"line":647,"column":31},"end":{"line":652,"column":3}},"line":647},"6":{"name":"(anonymous_6)","decl":{"start":{"line":654,"column":21},"end":{"line":654,"column":22}},"loc":{"start":{"line":654,"column":27},"end":{"line":661,"column":3}},"line":654},"7":{"name":"(anonymous_7)","decl":{"start":{"line":658,"column":14},"end":{"line":658,"column":15}},"loc":{"start":{"line":658,"column":19},"end":{"line":658,"column":43}},"line":658},"8":{"name":"(anonymous_8)","decl":{"start":{"line":663,"column":26},"end":{"line":663,"column":27}},"loc":{"start":{"line":663,"column":37},"end":{"line":684,"column":3}},"line":663},"9":{"name":"(anonymous_9)","decl":{"start":{"line":669,"column":23},"end":{"line":669,"column":24}},"loc":{"start":{"line":669,"column":31},"end":{"line":673,"column":9}},"line":669},"10":{"name":"(anonymous_10)","decl":{"start":{"line":674,"column":21},"end":{"line":674,"column":22}},"loc":{"start":{"line":674,"column":29},"end":{"line":674,"column":52}},"line":674},"11":{"name":"(anonymous_11)","decl":{"start":{"line":679,"column":19},"end":{"line":679,"column":20}},"loc":{"start":{"line":679,"column":25},"end":{"line":679,"column":43}},"line":679},"12":{"name":"(anonymous_12)","decl":{"start":{"line":680,"column":21},"end":{"line":680,"column":22}},"loc":{"start":{"line":680,"column":30},"end":{"line":680,"column":81}},"line":680},"13":{"name":"(anonymous_13)","decl":{"start":{"line":686,"column":26},"end":{"line":686,"column":27}},"loc":{"start":{"line":686,"column":38},"end":{"line":694,"column":3}},"line":686},"14":{"name":"(anonymous_14)","decl":{"start":{"line":696,"column":20},"end":{"line":696,"column":21}},"loc":{"start":{"line":696,"column":26},"end":{"line":701,"column":3}},"line":696},"15":{"name":"(anonymous_15)","decl":{"start":{"line":697,"column":45},"end":{"line":697,"column":46}},"loc":{"start":{"line":697,"column":50},"end":{"line":697,"column":60}},"line":697},"16":{"name":"(anonymous_16)","decl":{"start":{"line":703,"column":28},"end":{"line":703,"column":29}},"loc":{"start":{"line":703,"column":34},"end":{"line":734,"column":3}},"line":703},"17":{"name":"(anonymous_17)","decl":{"start":{"line":709,"column":17},"end":{"line":709,"column":18}},"loc":{"start":{"line":709,"column":26},"end":{"line":716,"column":5}},"line":709},"18":{"name":"(anonymous_18)","decl":{"start":{"line":726,"column":15},"end":{"line":726,"column":16}},"loc":{"start":{"line":726,"column":21},"end":{"line":733,"column":5}},"line":726},"19":{"name":"(anonymous_19)","decl":{"start":{"line":736,"column":23},"end":{"line":736,"column":24}},"loc":{"start":{"line":736,"column":34},"end":{"line":748,"column":3}},"line":736},"20":{"name":"(anonymous_20)","decl":{"start":{"line":738,"column":17},"end":{"line":738,"column":18}},"loc":{"start":{"line":738,"column":26},"end":{"line":744,"column":5}},"line":738},"21":{"name":"(anonymous_21)","decl":{"start":{"line":750,"column":28},"end":{"line":750,"column":29}},"loc":{"start":{"line":750,"column":34},"end":{"line":762,"column":3}},"line":750},"22":{"name":"(anonymous_22)","decl":{"start":{"line":764,"column":26},"end":{"line":764,"column":27}},"loc":{"start":{"line":764,"column":32},"end":{"line":773,"column":3}},"line":764},"23":{"name":"(anonymous_23)","decl":{"start":{"line":770,"column":19},"end":{"line":770,"column":20}},"loc":{"start":{"line":770,"column":28},"end":{"line":770,"column":64}},"line":770},"24":{"name":"(anonymous_24)","decl":{"start":{"line":775,"column":21},"end":{"line":775,"column":22}},"loc":{"start":{"line":775,"column":27},"end":{"line":791,"column":3}},"line":775},"25":{"name":"(anonymous_25)","decl":{"start":{"line":778,"column":45},"end":{"line":778,"column":46}},"loc":{"start":{"line":778,"column":60},"end":{"line":778,"column":73}},"line":778},"26":{"name":"(anonymous_26)","decl":{"start":{"line":784,"column":23},"end":{"line":784,"column":24}},"loc":{"start":{"line":784,"column":33},"end":{"line":788,"column":5}},"line":784},"27":{"name":"(anonymous_27)","decl":{"start":{"line":786,"column":21},"end":{"line":786,"column":22}},"loc":{"start":{"line":786,"column":29},"end":{"line":786,"column":46}},"line":786},"28":{"name":"(anonymous_28)","decl":{"start":{"line":790,"column":17},"end":{"line":790,"column":18}},"loc":{"start":{"line":790,"column":26},"end":{"line":790,"column":68}},"line":790},"29":{"name":"(anonymous_29)","decl":{"start":{"line":793,"column":21},"end":{"line":793,"column":22}},"loc":{"start":{"line":793,"column":27},"end":{"line":797,"column":3}},"line":793},"30":{"name":"(anonymous_30)","decl":{"start":{"line":795,"column":17},"end":{"line":795,"column":18}},"loc":{"start":{"line":795,"column":26},"end":{"line":795,"column":48}},"line":795},"31":{"name":"(anonymous_31)","decl":{"start":{"line":799,"column":22},"end":{"line":799,"column":23}},"loc":{"start":{"line":799,"column":28},"end":{"line":804,"column":3}},"line":799},"32":{"name":"(anonymous_32)","decl":{"start":{"line":802,"column":17},"end":{"line":802,"column":18}},"loc":{"start":{"line":802,"column":26},"end":{"line":802,"column":80}},"line":802},"33":{"name":"(anonymous_33)","decl":{"start":{"line":806,"column":26},"end":{"line":806,"column":27}},"loc":{"start":{"line":806,"column":32},"end":{"line":819,"column":3}},"line":806},"34":{"name":"(anonymous_34)","decl":{"start":{"line":818,"column":15},"end":{"line":818,"column":16}},"loc":{"start":{"line":818,"column":21},"end":{"line":818,"column":36}},"line":818},"35":{"name":"(anonymous_35)","decl":{"start":{"line":821,"column":20},"end":{"line":821,"column":21}},"loc":{"start":{"line":821,"column":26},"end":{"line":824,"column":3}},"line":821},"36":{"name":"(anonymous_36)","decl":{"start":{"line":826,"column":25},"end":{"line":826,"column":26}},"loc":{"start":{"line":826,"column":42},"end":{"line":840,"column":3}},"line":826},"37":{"name":"(anonymous_37)","decl":{"start":{"line":828,"column":17},"end":{"line":828,"column":18}},"loc":{"start":{"line":828,"column":26},"end":{"line":839,"column":5}},"line":828},"38":{"name":"(anonymous_38)","decl":{"start":{"line":842,"column":20},"end":{"line":842,"column":21}},"loc":{"start":{"line":842,"column":26},"end":{"line":845,"column":3}},"line":842},"39":{"name":"(anonymous_39)","decl":{"start":{"line":898,"column":31},"end":{"line":898,"column":32}},"loc":{"start":{"line":898,"column":36},"end":{"line":898,"column":46}},"line":898},"40":{"name":"(anonymous_40)","decl":{"start":{"line":902,"column":74},"end":{"line":902,"column":75}},"loc":{"start":{"line":903,"column":14},"end":{"line":914,"column":33}},"line":903},"41":{"name":"(anonymous_41)","decl":{"start":{"line":911,"column":25},"end":{"line":911,"column":26}},"loc":{"start":{"line":911,"column":31},"end":{"line":911,"column":53}},"line":911},"42":{"name":"(anonymous_42)","decl":{"start":{"line":928,"column":28},"end":{"line":928,"column":29}},"loc":{"start":{"line":929,"column":12},"end":{"line":940,"column":31}},"line":929},"43":{"name":"(anonymous_43)","decl":{"start":{"line":936,"column":23},"end":{"line":936,"column":24}},"loc":{"start":{"line":936,"column":29},"end":{"line":936,"column":52}},"line":936},"44":{"name":"(anonymous_44)","decl":{"start":{"line":957,"column":20},"end":{"line":957,"column":21}},"loc":{"start":{"line":958,"column":8},"end":{"line":968,"column":10}},"line":958},"45":{"name":"(anonymous_45)","decl":{"start":{"line":998,"column":48},"end":{"line":998,"column":49}},"loc":{"start":{"line":999,"column":18},"end":{"line":1006,"column":37}},"line":999},"46":{"name":"(anonymous_46)","decl":{"start":{"line":1002,"column":29},"end":{"line":1002,"column":30}},"loc":{"start":{"line":1002,"column":35},"end":{"line":1002,"column":54}},"line":1002},"47":{"name":"(anonymous_47)","decl":{"start":{"line":1030,"column":29},"end":{"line":1030,"column":30}},"loc":{"start":{"line":1031,"column":16},"end":{"line":1033,"column":23}},"line":1031},"48":{"name":"(anonymous_48)","decl":{"start":{"line":1072,"column":17},"end":{"line":1072,"column":18}},"loc":{"start":{"line":1072,"column":23},"end":{"line":1072,"column":92}},"line":1072},"49":{"name":"(anonymous_49)","decl":{"start":{"line":1072,"column":36},"end":{"line":1072,"column":37}},"loc":{"start":{"line":1072,"column":45},"end":{"line":1072,"column":90}},"line":1072}},"branchMap":{"0":{"loc":{"start":{"line":625,"column":4},"end":{"line":627,"column":5}},"type":"if","locations":[{"start":{"line":625,"column":4},"end":{"line":627,"column":5}},{"start":{},"end":{}}],"line":625},"1":{"loc":{"start":{"line":648,"column":4},"end":{"line":650,"column":5}},"type":"if","locations":[{"start":{"line":648,"column":4},"end":{"line":650,"column":5}},{"start":{},"end":{}}],"line":648},"2":{"loc":{"start":{"line":648,"column":8},"end":{"line":648,"column":105}},"type":"binary-expr","locations":[{"start":{"line":648,"column":8},"end":{"line":648,"column":42}},{"start":{"line":648,"column":46},"end":{"line":648,"column":105}}],"line":648},"3":{"loc":{"start":{"line":655,"column":4},"end":{"line":655,"column":42}},"type":"if","locations":[{"start":{"line":655,"column":4},"end":{"line":655,"column":42}},{"start":{},"end":{}}],"line":655},"4":{"loc":{"start":{"line":664,"column":4},"end":{"line":664,"column":35}},"type":"if","locations":[{"start":{"line":664,"column":4},"end":{"line":664,"column":35}},{"start":{},"end":{}}],"line":664},"5":{"loc":{"start":{"line":666,"column":4},"end":{"line":683,"column":5}},"type":"if","locations":[{"start":{"line":666,"column":4},"end":{"line":683,"column":5}},{"start":{},"end":{}}],"line":666},"6":{"loc":{"start":{"line":668,"column":6},"end":{"line":682,"column":7}},"type":"if","locations":[{"start":{"line":668,"column":6},"end":{"line":682,"column":7}},{"start":{"line":677,"column":13},"end":{"line":682,"column":7}}],"line":668},"7":{"loc":{"start":{"line":687,"column":4},"end":{"line":687,"column":43}},"type":"if","locations":[{"start":{"line":687,"column":4},"end":{"line":687,"column":43}},{"start":{},"end":{}}],"line":687},"8":{"loc":{"start":{"line":689,"column":4},"end":{"line":693,"column":5}},"type":"if","locations":[{"start":{"line":689,"column":4},"end":{"line":693,"column":5}},{"start":{"line":691,"column":11},"end":{"line":693,"column":5}}],"line":689},"9":{"loc":{"start":{"line":698,"column":4},"end":{"line":700,"column":5}},"type":"if","locations":[{"start":{"line":698,"column":4},"end":{"line":700,"column":5}},{"start":{},"end":{}}],"line":698},"10":{"loc":{"start":{"line":705,"column":4},"end":{"line":705,"column":48}},"type":"if","locations":[{"start":{"line":705,"column":4},"end":{"line":705,"column":48}},{"start":{},"end":{}}],"line":705},"11":{"loc":{"start":{"line":706,"column":4},"end":{"line":706,"column":48}},"type":"if","locations":[{"start":{"line":706,"column":4},"end":{"line":706,"column":48}},{"start":{},"end":{}}],"line":706},"12":{"loc":{"start":{"line":728,"column":6},"end":{"line":732,"column":7}},"type":"if","locations":[{"start":{"line":728,"column":6},"end":{"line":732,"column":7}},{"start":{"line":730,"column":13},"end":{"line":732,"column":7}}],"line":728},"13":{"loc":{"start":{"line":753,"column":4},"end":{"line":754,"column":49}},"type":"if","locations":[{"start":{"line":753,"column":4},"end":{"line":754,"column":49}},{"start":{"line":754,"column":9},"end":{"line":754,"column":49}}],"line":753},"14":{"loc":{"start":{"line":754,"column":9},"end":{"line":754,"column":49}},"type":"if","locations":[{"start":{"line":754,"column":9},"end":{"line":754,"column":49}},{"start":{},"end":{}}],"line":754},"15":{"loc":{"start":{"line":757,"column":4},"end":{"line":761,"column":5}},"type":"if","locations":[{"start":{"line":757,"column":4},"end":{"line":761,"column":5}},{"start":{"line":759,"column":11},"end":{"line":761,"column":5}}],"line":757},"16":{"loc":{"start":{"line":767,"column":4},"end":{"line":772,"column":5}},"type":"if","locations":[{"start":{"line":767,"column":4},"end":{"line":772,"column":5}},{"start":{"line":769,"column":11},"end":{"line":772,"column":5}}],"line":767},"17":{"loc":{"start":{"line":776,"column":4},"end":{"line":776,"column":41}},"type":"if","locations":[{"start":{"line":776,"column":4},"end":{"line":776,"column":41}},{"start":{},"end":{}}],"line":776},"18":{"loc":{"start":{"line":779,"column":4},"end":{"line":779,"column":34}},"type":"if","locations":[{"start":{"line":779,"column":4},"end":{"line":779,"column":34}},{"start":{},"end":{}}],"line":779},"19":{"loc":{"start":{"line":785,"column":6},"end":{"line":787,"column":7}},"type":"if","locations":[{"start":{"line":785,"column":6},"end":{"line":787,"column":7}},{"start":{},"end":{}}],"line":785},"20":{"loc":{"start":{"line":785,"column":10},"end":{"line":785,"column":65}},"type":"binary-expr","locations":[{"start":{"line":785,"column":10},"end":{"line":785,"column":34}},{"start":{"line":785,"column":38},"end":{"line":785,"column":65}}],"line":785},"21":{"loc":{"start":{"line":847,"column":19},"end":{"line":849,"column":7}},"type":"cond-expr","locations":[{"start":{"line":848,"column":6},"end":{"line":848,"column":73}},{"start":{"line":849,"column":6},"end":{"line":849,"column":7}}],"line":847},"22":{"loc":{"start":{"line":861,"column":11},"end":{"line":863,"column":34}},"type":"cond-expr","locations":[{"start":{"line":862,"column":14},"end":{"line":862,"column":107}},{"start":{"line":863,"column":14},"end":{"line":863,"column":34}}],"line":861},"23":{"loc":{"start":{"line":873,"column":40},"end":{"line":873,"column":81}},"type":"binary-expr","locations":[{"start":{"line":873,"column":40},"end":{"line":873,"column":61}},{"start":{"line":873,"column":65},"end":{"line":873,"column":81}}],"line":873},"24":{"loc":{"start":{"line":891,"column":54},"end":{"line":891,"column":89}},"type":"binary-expr","locations":[{"start":{"line":891,"column":54},"end":{"line":891,"column":84}},{"start":{"line":891,"column":88},"end":{"line":891,"column":89}}],"line":891},"25":{"loc":{"start":{"line":898,"column":13},"end":{"line":898,"column":91}},"type":"cond-expr","locations":[{"start":{"line":898,"column":50},"end":{"line":898,"column":71}},{"start":{"line":898,"column":74},"end":{"line":898,"column":91}}],"line":898},"26":{"loc":{"start":{"line":902,"column":13},"end":{"line":915,"column":14}},"type":"binary-expr","locations":[{"start":{"line":902,"column":13},"end":{"line":902,"column":34}},{"start":{"line":902,"column":38},"end":{"line":915,"column":14}}],"line":902},"27":{"loc":{"start":{"line":907,"column":18},"end":{"line":907,"column":61}},"type":"binary-expr","locations":[{"start":{"line":907,"column":18},"end":{"line":907,"column":36}},{"start":{"line":907,"column":40},"end":{"line":907,"column":61}}],"line":907},"28":{"loc":{"start":{"line":908,"column":18},"end":{"line":908,"column":62}},"type":"binary-expr","locations":[{"start":{"line":908,"column":18},"end":{"line":908,"column":36}},{"start":{"line":908,"column":40},"end":{"line":908,"column":62}}],"line":908},"29":{"loc":{"start":{"line":909,"column":18},"end":{"line":909,"column":61}},"type":"binary-expr","locations":[{"start":{"line":909,"column":18},"end":{"line":909,"column":37}},{"start":{"line":909,"column":41},"end":{"line":909,"column":61}}],"line":909},"30":{"loc":{"start":{"line":913,"column":47},"end":{"line":913,"column":71}},"type":"binary-expr","locations":[{"start":{"line":913,"column":47},"end":{"line":913,"column":65}},{"start":{"line":913,"column":69},"end":{"line":913,"column":71}}],"line":913},"31":{"loc":{"start":{"line":920,"column":12},"end":{"line":920,"column":65}},"type":"binary-expr","locations":[{"start":{"line":920,"column":12},"end":{"line":920,"column":39}},{"start":{"line":920,"column":43},"end":{"line":920,"column":65}}],"line":920},"32":{"loc":{"start":{"line":921,"column":12},"end":{"line":921,"column":61}},"type":"binary-expr","locations":[{"start":{"line":921,"column":12},"end":{"line":921,"column":37}},{"start":{"line":921,"column":41},"end":{"line":921,"column":61}}],"line":921},"33":{"loc":{"start":{"line":933,"column":16},"end":{"line":933,"column":67}},"type":"binary-expr","locations":[{"start":{"line":933,"column":16},"end":{"line":933,"column":42}},{"start":{"line":933,"column":46},"end":{"line":933,"column":67}}],"line":933},"34":{"loc":{"start":{"line":934,"column":16},"end":{"line":934,"column":68}},"type":"binary-expr","locations":[{"start":{"line":934,"column":16},"end":{"line":934,"column":39}},{"start":{"line":934,"column":43},"end":{"line":934,"column":68}}],"line":934},"35":{"loc":{"start":{"line":971,"column":7},"end":{"line":989,"column":7}},"type":"binary-expr","locations":[{"start":{"line":971,"column":7},"end":{"line":971,"column":21}},{"start":{"line":972,"column":8},"end":{"line":988,"column":15}}],"line":971},"36":{"loc":{"start":{"line":991,"column":7},"end":{"line":1012,"column":7}},"type":"binary-expr","locations":[{"start":{"line":991,"column":7},"end":{"line":991,"column":24}},{"start":{"line":992,"column":8},"end":{"line":1011,"column":15}}],"line":991},"37":{"loc":{"start":{"line":1014,"column":7},"end":{"line":1041,"column":7}},"type":"binary-expr","locations":[{"start":{"line":1014,"column":7},"end":{"line":1014,"column":21}},{"start":{"line":1015,"column":8},"end":{"line":1040,"column":15}}],"line":1014},"38":{"loc":{"start":{"line":1031,"column":51},"end":{"line":1031,"column":82}},"type":"binary-expr","locations":[{"start":{"line":1031,"column":51},"end":{"line":1031,"column":61}},{"start":{"line":1031,"column":65},"end":{"line":1031,"column":82}}],"line":1031},"39":{"loc":{"start":{"line":1043,"column":7},"end":{"line":1068,"column":7}},"type":"binary-expr","locations":[{"start":{"line":1043,"column":7},"end":{"line":1043,"column":23}},{"start":{"line":1044,"column":8},"end":{"line":1067,"column":15}}],"line":1043},"40":{"loc":{"start":{"line":1074,"column":15},"end":{"line":1074,"column":51}},"type":"cond-expr","locations":[{"start":{"line":1074,"column":40},"end":{"line":1074,"column":44}},{"start":{"line":1074,"column":47},"end":{"line":1074,"column":51}}],"line":1074}},"s":{"0":4,"1":4,"2":4,"3":4,"4":237,"5":237,"6":237,"7":2108,"8":2108,"9":237,"10":442,"11":442,"12":442,"13":442,"14":442,"15":442,"16":442,"17":442,"18":442,"19":442,"20":442,"21":442,"22":442,"23":442,"24":442,"25":202,"26":93,"27":442,"28":93,"29":93,"30":93,"31":93,"32":93,"33":93,"34":93,"35":442,"36":442,"37":138,"38":304,"39":442,"40":448,"41":304,"42":144,"43":144,"44":3744,"45":144,"46":442,"47":0,"48":0,"49":0,"50":0,"51":0,"52":0,"53":0,"54":0,"55":0,"56":0,"57":0,"58":0,"59":0,"60":0,"61":0,"62":0,"63":0,"64":0,"65":0,"66":442,"67":9,"68":0,"69":9,"70":0,"71":9,"72":442,"73":0,"74":0,"75":0,"76":0,"77":442,"78":0,"79":0,"80":0,"81":0,"82":0,"83":0,"84":0,"85":0,"86":0,"87":0,"88":0,"89":0,"90":0,"91":0,"92":0,"93":0,"94":442,"95":20,"96":20,"97":20,"98":20,"99":20,"100":20,"101":442,"102":0,"103":0,"104":0,"105":0,"106":0,"107":0,"108":0,"109":0,"110":0,"111":0,"112":442,"113":0,"114":0,"115":0,"116":0,"117":0,"118":0,"119":0,"120":442,"121":6,"122":0,"123":6,"124":6,"125":6,"126":0,"127":6,"128":6,"129":6,"130":43,"131":24,"132":24,"133":6,"134":6,"135":442,"136":20,"137":20,"138":20,"139":20,"140":442,"141":5,"142":5,"143":5,"144":5,"145":5,"146":442,"147":0,"148":0,"149":0,"150":0,"151":0,"152":0,"153":0,"154":0,"155":442,"156":101,"157":101,"158":442,"159":93,"160":93,"161":93,"162":442,"163":0,"164":0,"165":442,"166":442,"167":442,"168":138,"169":493,"170":0,"171":907,"172":9,"173":0,"174":1530,"175":93,"176":0,"177":2,"178":2,"179":4},"f":{"0":237,"1":442,"2":202,"3":93,"4":93,"5":442,"6":448,"7":3744,"8":0,"9":0,"10":0,"11":0,"12":0,"13":9,"14":0,"15":0,"16":0,"17":0,"18":0,"19":20,"20":20,"21":0,"22":0,"23":0,"24":6,"25":6,"26":43,"27":24,"28":6,"29":20,"30":20,"31":5,"32":5,"33":0,"34":0,"35":101,"36":93,"37":93,"38":0,"39":138,"40":493,"41":0,"42":907,"43":9,"44":0,"45":1530,"46":93,"47":0,"48":2,"49":2},"b":{"0":[93,109],"1":[138,304],"2":[442,138],"3":[304,144],"4":[0,0],"5":[0,0],"6":[0,0],"7":[0,9],"8":[0,9],"9":[0,0],"10":[0,0],"11":[0,0],"12":[0,0],"13":[0,0],"14":[0,0],"15":[0,0],"16":[0,0],"17":[0,6],"18":[0,6],"19":[24,19],"20":[43,37],"21":[138,304],"22":[231,211],"23":[442,0],"24":[442,304],"25":[304,138],"26":[442,138],"27":[493,0],"28":[493,0],"29":[493,0],"30":[493,493],"31":[442,0],"32":[442,0],"33":[907,37],"34":[907,10],"35":[442,109],"36":[442,102],"37":[442,0],"38":[0,0],"39":[442,0],"40":[439,3]},"_coverageSchema":"1a1c01bbd47fc00a2c39e90264f33305004495a9","hash":"726dcdde14b19ae8c36770fd81f7a3a6f115d1b0"}
}
