TN:
SF:App.jsx
FN:582,(anonymous_0)
FN:591,App
FN:624,(anonymous_2)
FN:630,(anonymous_3)
FN:633,(anonymous_4)
FN:647,(anonymous_5)
FN:654,(anonymous_6)
FN:658,(anonymous_7)
FN:663,(anonymous_8)
FN:669,(anonymous_9)
FN:674,(anonymous_10)
FN:679,(anonymous_11)
FN:680,(anonymous_12)
FN:686,(anonymous_13)
FN:696,(anonymous_14)
FN:697,(anonymous_15)
FN:703,(anonymous_16)
FN:709,(anonymous_17)
FN:726,(anonymous_18)
FN:736,(anonymous_19)
FN:738,(anonymous_20)
FN:750,(anonymous_21)
FN:764,(anonymous_22)
FN:770,(anonymous_23)
FN:775,(anonymous_24)
FN:778,(anonymous_25)
FN:784,(anonymous_26)
FN:786,(anonymous_27)
FN:790,(anonymous_28)
FN:793,(anonymous_29)
FN:795,(anonymous_30)
FN:799,(anonymous_31)
FN:802,(anonymous_32)
FN:806,(anonymous_33)
FN:818,(anonymous_34)
FN:821,(anonymous_35)
FN:826,(anonymous_36)
FN:828,(anonymous_37)
FN:842,(anonymous_38)
FN:898,(anonymous_39)
FN:902,(anonymous_40)
FN:911,(anonymous_41)
FN:928,(anonymous_42)
FN:936,(anonymous_43)
FN:957,(anonymous_44)
FN:998,(anonymous_45)
FN:1002,(anonymous_46)
FN:1030,(anonymous_47)
FN:1072,(anonymous_48)
FN:1072,(anonymous_49)
FNF:50
FNH:31
FNDA:237,(anonymous_0)
FNDA:442,App
FNDA:202,(anonymous_2)
FNDA:93,(anonymous_3)
FNDA:93,(anonymous_4)
FNDA:442,(anonymous_5)
FNDA:448,(anonymous_6)
FNDA:3744,(anonymous_7)
FNDA:0,(anonymous_8)
FNDA:0,(anonymous_9)
FNDA:0,(anonymous_10)
FNDA:0,(anonymous_11)
FNDA:0,(anonymous_12)
FNDA:9,(anonymous_13)
FNDA:0,(anonymous_14)
FNDA:0,(anonymous_15)
FNDA:0,(anonymous_16)
FNDA:0,(anonymous_17)
FNDA:0,(anonymous_18)
FNDA:20,(anonymous_19)
FNDA:20,(anonymous_20)
FNDA:0,(anonymous_21)
FNDA:0,(anonymous_22)
FNDA:0,(anonymous_23)
FNDA:6,(anonymous_24)
FNDA:6,(anonymous_25)
FNDA:43,(anonymous_26)
FNDA:24,(anonymous_27)
FNDA:6,(anonymous_28)
FNDA:20,(anonymous_29)
FNDA:20,(anonymous_30)
FNDA:5,(anonymous_31)
FNDA:5,(anonymous_32)
FNDA:0,(anonymous_33)
FNDA:0,(anonymous_34)
FNDA:101,(anonymous_35)
FNDA:93,(anonymous_36)
FNDA:93,(anonymous_37)
FNDA:0,(anonymous_38)
FNDA:138,(anonymous_39)
FNDA:493,(anonymous_40)
FNDA:0,(anonymous_41)
FNDA:907,(anonymous_42)
FNDA:9,(anonymous_43)
FNDA:0,(anonymous_44)
FNDA:1530,(anonymous_45)
FNDA:93,(anonymous_46)
FNDA:0,(anonymous_47)
FNDA:2,(anonymous_48)
FNDA:2,(anonymous_49)
DA:4,4
DA:6,4
DA:24,4
DA:582,4
DA:583,237
DA:584,237
DA:585,2108
DA:586,2108
DA:588,237
DA:592,442
DA:609,442
DA:610,442
DA:611,442
DA:612,442
DA:613,442
DA:614,442
DA:615,442
DA:616,442
DA:617,442
DA:618,442
DA:619,442
DA:621,442
DA:622,442
DA:624,442
DA:625,202
DA:626,93
DA:630,442
DA:631,93
DA:632,93
DA:633,93
DA:642,93
DA:643,93
DA:644,93
DA:647,442
DA:648,442
DA:649,138
DA:651,304
DA:654,442
DA:655,448
DA:656,144
DA:657,144
DA:658,3744
DA:660,144
DA:663,442
DA:664,0
DA:666,0
DA:667,0
DA:668,0
DA:669,0
DA:670,0
DA:671,0
DA:672,0
DA:674,0
DA:675,0
DA:676,0
DA:678,0
DA:679,0
DA:680,0
DA:681,0
DA:686,442
DA:687,9
DA:689,9
DA:690,0
DA:692,9
DA:696,442
DA:697,0
DA:698,0
DA:699,0
DA:703,442
DA:704,0
DA:705,0
DA:706,0
DA:707,0
DA:709,0
DA:718,0
DA:719,0
DA:721,0
DA:726,0
DA:727,0
DA:728,0
DA:729,0
DA:731,0
DA:736,442
DA:737,20
DA:738,20
DA:745,20
DA:746,20
DA:747,20
DA:750,442
DA:751,0
DA:752,0
DA:753,0
DA:754,0
DA:755,0
DA:757,0
DA:758,0
DA:760,0
DA:764,442
DA:765,0
DA:766,0
DA:767,0
DA:768,0
DA:770,0
DA:771,0
DA:775,442
DA:776,6
DA:778,6
DA:779,6
DA:781,6
DA:782,6
DA:784,6
DA:785,43
DA:786,24
DA:790,6
DA:793,442
DA:794,20
DA:795,20
DA:796,20
DA:799,442
DA:800,5
DA:801,5
DA:802,5
DA:803,5
DA:806,442
DA:807,0
DA:808,0
DA:809,0
DA:810,0
DA:817,0
DA:818,0
DA:821,442
DA:822,101
DA:823,101
DA:826,442
DA:827,93
DA:828,93
DA:842,442
DA:843,0
DA:844,0
DA:847,442
DA:851,442
DA:856,442
DA:898,138
DA:903,493
DA:911,0
DA:929,907
DA:936,9
DA:958,0
DA:999,1530
DA:1002,93
DA:1031,0
DA:1072,2
DA:1080,4
LF:153
LH:96
BRDA:625,0,0,93
BRDA:625,0,1,109
BRDA:648,1,0,138
BRDA:648,1,1,304
BRDA:648,2,0,442
BRDA:648,2,1,138
BRDA:655,3,0,304
BRDA:655,3,1,144
BRDA:664,4,0,0
BRDA:664,4,1,0
BRDA:666,5,0,0
BRDA:666,5,1,0
BRDA:668,6,0,0
BRDA:668,6,1,0
BRDA:687,7,0,0
BRDA:687,7,1,9
BRDA:689,8,0,0
BRDA:689,8,1,9
BRDA:698,9,0,0
BRDA:698,9,1,0
BRDA:705,10,0,0
BRDA:705,10,1,0
BRDA:706,11,0,0
BRDA:706,11,1,0
BRDA:728,12,0,0
BRDA:728,12,1,0
BRDA:753,13,0,0
BRDA:753,13,1,0
BRDA:754,14,0,0
BRDA:754,14,1,0
BRDA:757,15,0,0
BRDA:757,15,1,0
BRDA:767,16,0,0
BRDA:767,16,1,0
BRDA:776,17,0,0
BRDA:776,17,1,6
BRDA:779,18,0,0
BRDA:779,18,1,6
BRDA:785,19,0,24
BRDA:785,19,1,19
BRDA:785,20,0,43
BRDA:785,20,1,37
BRDA:847,21,0,138
BRDA:847,21,1,304
BRDA:861,22,0,231
BRDA:861,22,1,211
BRDA:873,23,0,442
BRDA:873,23,1,0
BRDA:891,24,0,442
BRDA:891,24,1,304
BRDA:898,25,0,304
BRDA:898,25,1,138
BRDA:902,26,0,442
BRDA:902,26,1,138
BRDA:907,27,0,493
BRDA:907,27,1,0
BRDA:908,28,0,493
BRDA:908,28,1,0
BRDA:909,29,0,493
BRDA:909,29,1,0
BRDA:913,30,0,493
BRDA:913,30,1,493
BRDA:920,31,0,442
BRDA:920,31,1,0
BRDA:921,32,0,442
BRDA:921,32,1,0
BRDA:933,33,0,907
BRDA:933,33,1,37
BRDA:934,34,0,907
BRDA:934,34,1,10
BRDA:971,35,0,442
BRDA:971,35,1,109
BRDA:991,36,0,442
BRDA:991,36,1,102
BRDA:1014,37,0,442
BRDA:1014,37,1,0
BRDA:1031,38,0,0
BRDA:1031,38,1,0
BRDA:1043,39,0,442
BRDA:1043,39,1,0
BRDA:1074,40,0,439
BRDA:1074,40,1,3
BRF:82
BRH:46
end_of_record
